C:\Users\Aisha\source\repos\testing\testing\wwwroot\lib\jspdf-autotable\src\models.js
C:\Users\Aisha\source\repos\testing\testing\wwwroot\lib\jspdf-autotable\src\config.js
C:\Users\Aisha\source\repos\testing\testing\wwwroot\lib\jspdf-autotable\src\painter.js
C:\Users\Aisha\source\repos\testing\testing\wwwroot\lib\jspdf-autotable\src\common.js
C:\Users\Aisha\source\repos\testing\testing\wwwroot\lib\jspdf-autotable\src\calculator.js
C:\Users\Aisha\source\repos\testing\testing\wwwroot\lib\jspdf-autotable\src\creator.js
C:\Users\Aisha\source\repos\testing\testing\wwwroot\lib\jspdf-autotable\src\htmlParser.js
C:\Users\Aisha\source\repos\testing\testing\wwwroot\lib\jspdf-autotable\src\main.js
C:\Users\Aisha\source\repos\testing\testing\wwwroot\lib\jspdf-autotable\src\models.js
C:\Users\Aisha\source\repos\testing\testing\wwwroot\lib\jspdf-autotable\src\config.js
C:\Users\Aisha\source\repos\testing\testing\wwwroot\lib\jspdf-autotable\src\painter.js
C:\Users\Aisha\source\repos\testing\testing\wwwroot\lib\jspdf-autotable\src\common.js
C:\Users\Aisha\source\repos\testing\testing\wwwroot\lib\jspdf-autotable\src\calculator.js
C:\Users\Aisha\source\repos\testing\testing\wwwroot\lib\jspdf-autotable\src\creator.js
C:\Users\Aisha\source\repos\testing\testing\wwwroot\lib\jspdf-autotable\src\htmlParser.js
C:\Users\Aisha\source\repos\testing\testing\wwwroot\lib\jspdf-autotable\src\main.js
C:\Users\Aisha\source\repos\testing\testing\wwwroot\lib\jspdf-autotable\src\models.js
C:\Users\Aisha\source\repos\testing\testing\wwwroot\lib\jspdf-autotable\src\config.js
C:\Users\Aisha\source\repos\testing\testing\wwwroot\lib\jspdf-autotable\src\painter.js
C:\Users\Aisha\source\repos\testing\testing\wwwroot\lib\jspdf-autotable\src\common.js
C:\Users\Aisha\source\repos\testing\testing\wwwroot\lib\jspdf-autotable\src\calculator.js
C:\Users\Aisha\source\repos\testing\testing\wwwroot\lib\jspdf-autotable\src\creator.js
C:\Users\Aisha\source\repos\testing\testing\wwwroot\lib\jspdf-autotable\src\htmlParser.js
C:\Users\Aisha\source\repos\testing\testing\wwwroot\lib\jspdf-autotable\src\main.js
